<?xml version="1.0" encoding="UTF-8"?>
<testng-results ignored="0" total="2" passed="2" failed="0" skipped="0">
  <reporter-output>
  </reporter-output>
  <suite started-at="2023-12-29T08:40:43 IST" name="Suite" finished-at="2023-12-29T08:40:55 IST" duration-ms="11436">
    <groups>
    </groups>
    <test started-at="2023-12-29T08:40:43 IST" name="test" finished-at="2023-12-29T08:40:55 IST" duration-ms="11436">
      <class name="test.RunOnlineShopClass">
        <test-method is-config="true" signature="beforeMethod()[pri:0, instance:test.RunOnlineShopClass@3c419631]" started-at="2023-12-29T08:40:43 IST" name="beforeMethod" finished-at="2023-12-29T08:40:52 IST" duration-ms="9011" status="PASS">
          <reporter-output>
          </reporter-output>
        </test-method> <!-- beforeMethod -->
        <test-method signature="dashBoardPage()[pri:0, instance:test.RunOnlineShopClass@3c419631]" started-at="2023-12-29T08:40:52 IST" name="dashBoardPage" finished-at="2023-12-29T08:40:53 IST" duration-ms="988" status="PASS">
          <reporter-output>
          </reporter-output>
        </test-method> <!-- dashBoardPage -->
        <test-method signature="myAccountPage()[pri:0, instance:test.RunOnlineShopClass@3c419631]" started-at="2023-12-29T08:40:53 IST" name="myAccountPage" finished-at="2023-12-29T08:40:54 IST" duration-ms="488" status="PASS">
          <reporter-output>
          </reporter-output>
        </test-method> <!-- myAccountPage -->
        <test-method is-config="true" signature="afterMethod()[pri:0, instance:test.RunOnlineShopClass@3c419631]" started-at="2023-12-29T08:40:54 IST" name="afterMethod" finished-at="2023-12-29T08:40:55 IST" duration-ms="659" status="PASS">
          <reporter-output>
          </reporter-output>
        </test-method> <!-- afterMethod -->
      </class> <!-- test.RunOnlineShopClass -->
    </test> <!-- test -->
  </suite> <!-- Suite -->
</testng-results>
